{"level":"info","message":"Started server at Thu Apr 30 2020 17:18:20 GMT+0200 (GMT+02:00) on port 3000"}
{"level":"info","message":"Started server at Thu Apr 30 2020 17:22:57 GMT+0200 (GMT+02:00) on port 3000"}
{"level":"info","message":"Started server at Thu Apr 30 2020 17:24:08 GMT+0200 (GMT+02:00) on port 3000"}
{"level":"info","message":"Started server at Thu Apr 30 2020 17:28:53 GMT+0200 (GMT+02:00) on port 3000"}
{"level":"info","message":"Started server at Mon May 25 2020 15:33:20 GMT+0200 (GMT+02:00) on port 3000"}
{"level":"info","message":"Started server at Mon May 25 2020 15:34:50 GMT+0200 (GMT+02:00) on port 3000"}
{"level":"info","message":"Started server at Mon May 25 2020 15:35:01 GMT+0200 (GMT+02:00) on port 3000"}
{"level":"info","message":"Started server at Mon May 25 2020 15:35:24 GMT+0200 (GMT+02:00) on port 3000"}
{"level":"info","message":"Started server at Mon May 25 2020 15:39:52 GMT+0200 (GMT+02:00) on port 3000"}
{"level":"info","message":"Started server at Mon May 25 2020 15:40:08 GMT+0200 (GMT+02:00) on port 3000"}
{"level":"info","message":"Started server at Mon May 25 2020 15:40:52 GMT+0200 (GMT+02:00) on port 3000"}
{"level":"info","message":"Started server at Mon May 25 2020 15:42:24 GMT+0200 (GMT+02:00) on port 3000"}
{"level":"info","message":"Started server at Mon May 25 2020 15:42:44 GMT+0200 (GMT+02:00) on port 3000"}
{"level":"info","message":"Started server at Mon May 25 2020 15:43:33 GMT+0200 (GMT+02:00) on port 3000"}
{"level":"info","message":"Started server at Mon May 25 2020 15:43:57 GMT+0200 (GMT+02:00) on port 3000"}
{"level":"info","message":"Started server at Mon May 25 2020 15:44:08 GMT+0200 (GMT+02:00) on port 3000"}
{"level":"info","message":"Started server at Mon May 25 2020 15:44:31 GMT+0200 (GMT+02:00) on port 3000"}
{"level":"info","message":"Started server at Mon May 25 2020 15:46:59 GMT+0200 (GMT+02:00) on port 3000"}
{"level":"info","message":"Started server at Mon May 25 2020 15:48:18 GMT+0200 (GMT+02:00) on port 3000"}
{"level":"info","message":"Started server at Mon May 25 2020 15:48:21 GMT+0200 (GMT+02:00) on port 3000"}
{"level":"info","message":"Started server at Mon May 25 2020 15:48:33 GMT+0200 (GMT+02:00) on port 3000"}
{"level":"info","message":"Started server at Mon May 25 2020 15:51:18 GMT+0200 (GMT+02:00) on port 3000"}
{"level":"info","message":"Started server at Mon May 25 2020 15:51:48 GMT+0200 (GMT+02:00) on port 3000"}
{"level":"info","message":"Started server at Mon May 25 2020 15:53:19 GMT+0200 (GMT+02:00) on port 3000"}
{"level":"info","message":"Started server at Mon May 25 2020 15:54:36 GMT+0200 (GMT+02:00) on port 3000"}
{"level":"info","message":"Started server at Mon May 25 2020 15:55:29 GMT+0200 (GMT+02:00) on port 3000"}
{"level":"info","message":"Started server at Mon May 25 2020 15:56:03 GMT+0200 (GMT+02:00) on port 3000"}
{"level":"info","message":"Started server at Mon May 25 2020 16:02:37 GMT+0200 (GMT+02:00) on port 3000"}
{"level":"info","message":"Started server at Mon May 25 2020 16:03:15 GMT+0200 (GMT+02:00) on port 3000"}
{"level":"info","message":"Started server at Mon May 25 2020 16:04:47 GMT+0200 (GMT+02:00) on port 3000"}
{"level":"info","message":"Started server at Mon May 25 2020 16:05:47 GMT+0200 (GMT+02:00) on port 3000"}
{"level":"info","message":"Started server at Mon May 25 2020 16:12:46 GMT+0200 (GMT+02:00) on port 3000"}
{"level":"info","message":"Started server at Mon May 25 2020 16:14:27 GMT+0200 (GMT+02:00) on port 3000"}
{"level":"info","message":"Started server at Mon May 25 2020 16:16:00 GMT+0200 (GMT+02:00) on port 3000"}
{"level":"info","message":"Started server at Mon May 25 2020 16:16:07 GMT+0200 (GMT+02:00) on port 3000"}
{"level":"info","message":"Started server at Mon May 25 2020 16:17:00 GMT+0200 (GMT+02:00) on port 3000"}
{"level":"info","message":"Started server at Mon May 25 2020 16:17:47 GMT+0200 (GMT+02:00) on port 3000"}
{"level":"info","message":"Started server at Mon May 25 2020 16:19:38 GMT+0200 (GMT+02:00) on port 3000"}
{"level":"info","message":"Started server at Mon May 25 2020 16:19:48 GMT+0200 (GMT+02:00) on port 3000"}
{"level":"info","message":"Started server at Mon May 25 2020 16:20:05 GMT+0200 (GMT+02:00) on port 3000"}
{"level":"info","message":"Started server at Mon May 25 2020 16:24:42 GMT+0200 (GMT+02:00) on port 3000"}
{"level":"info","message":"Started server at Mon May 25 2020 16:25:32 GMT+0200 (GMT+02:00) on port 3000"}
{"level":"info","message":"Started server at Mon May 25 2020 16:25:36 GMT+0200 (GMT+02:00) on port 3000"}
{"level":"info","message":"Started server at Mon May 25 2020 16:26:07 GMT+0200 (GMT+02:00) on port 3000"}
{"level":"info","message":"Started server at Mon May 25 2020 16:27:25 GMT+0200 (GMT+02:00) on port 3000"}
{"level":"info","message":"Started server at Mon May 25 2020 16:27:48 GMT+0200 (GMT+02:00) on port 3000"}
{"level":"info","message":"Started server at Mon May 25 2020 16:27:53 GMT+0200 (GMT+02:00) on port 3000"}
{"level":"info","message":"Started server at Mon May 25 2020 16:29:15 GMT+0200 (GMT+02:00) on port 3000"}
{"level":"info","message":"Started server at Mon May 25 2020 16:29:26 GMT+0200 (GMT+02:00) on port 3000"}
{"level":"info","message":"Started server at Mon May 25 2020 16:30:41 GMT+0200 (GMT+02:00) on port 3000"}
{"level":"info","message":"Started server at Mon May 25 2020 16:36:38 GMT+0200 (GMT+02:00) on port 3000"}
{"level":"info","message":"Started server at Mon May 25 2020 16:38:22 GMT+0200 (GMT+02:00) on port 3000"}
{"level":"info","message":"Started server at Mon May 25 2020 16:39:03 GMT+0200 (GMT+02:00) on port 3000"}
{"level":"info","message":"Started server at Mon May 25 2020 16:40:45 GMT+0200 (GMT+02:00) on port 3000"}
{"level":"info","message":"Started server at Mon May 25 2020 16:41:19 GMT+0200 (GMT+02:00) on port 3000"}
{"level":"info","message":"Started server at Mon May 25 2020 16:42:05 GMT+0200 (GMT+02:00) on port 3000"}
{"level":"info","message":"Started server at Mon May 25 2020 16:43:23 GMT+0200 (GMT+02:00) on port 3000"}
{"level":"info","message":"Started server at Mon May 25 2020 16:43:58 GMT+0200 (GMT+02:00) on port 3000"}
{"level":"info","message":"Started server at Mon May 25 2020 18:26:37 GMT+0200 (GMT+02:00) on port 3000"}
{"level":"info","message":"Started server at Mon May 25 2020 18:27:51 GMT+0200 (GMT+02:00) on port 3000"}
{"level":"info","message":"Started server at Mon May 25 2020 18:29:39 GMT+0200 (GMT+02:00) on port 3000"}
{"level":"info","message":"Started server at Mon May 25 2020 18:36:22 GMT+0200 (GMT+02:00) on port 3000"}
{"level":"info","message":"Started server at Mon May 25 2020 18:36:57 GMT+0200 (GMT+02:00) on port 3000"}
{"level":"info","message":"Started server at Mon May 25 2020 18:45:59 GMT+0200 (GMT+02:00) on port 3000"}
{"level":"info","message":"Started server at Mon May 25 2020 18:46:08 GMT+0200 (GMT+02:00) on port 3000"}
{"level":"info","message":"Started server at Mon May 25 2020 18:49:13 GMT+0200 (GMT+02:00) on port 3000"}
{"level":"info","message":"Started server at Mon May 25 2020 18:49:30 GMT+0200 (GMT+02:00) on port 3000"}
{"level":"info","message":"Started server at Mon May 25 2020 18:49:50 GMT+0200 (GMT+02:00) on port 3000"}
{"level":"info","message":"Started server at Mon May 25 2020 18:50:13 GMT+0200 (GMT+02:00) on port 3000"}
{"level":"info","message":"Started server at Mon May 25 2020 18:51:46 GMT+0200 (GMT+02:00) on port 3000"}
{"level":"info","message":"Started server at Mon May 25 2020 18:54:24 GMT+0200 (GMT+02:00) on port 3000"}
{"level":"info","message":"Started server at Mon May 25 2020 18:57:51 GMT+0200 (GMT+02:00) on port 3000"}
{"level":"info","message":"Started server at Mon May 25 2020 18:58:18 GMT+0200 (GMT+02:00) on port 3000"}
{"level":"info","message":"Started server at Mon May 25 2020 19:04:59 GMT+0200 (GMT+02:00) on port 3000"}
{"level":"info","message":"Started server at Mon May 25 2020 19:39:57 GMT+0200 (GMT+02:00) on port 3000"}
{"level":"info","message":"Started server at Mon May 25 2020 19:43:52 GMT+0200 (GMT+02:00) on port 3000"}
{"level":"info","message":"Started server at Mon May 25 2020 19:44:26 GMT+0200 (GMT+02:00) on port 3000"}
{"level":"info","message":"Started server at Mon May 25 2020 19:44:29 GMT+0200 (GMT+02:00) on port 3000"}
{"level":"info","message":"Started server at Mon May 25 2020 19:46:06 GMT+0200 (GMT+02:00) on port 3000"}
{"level":"info","message":"Started server at Mon May 25 2020 19:47:38 GMT+0200 (GMT+02:00) on port 3000"}
{"level":"info","message":"Started server at Mon May 25 2020 19:54:48 GMT+0200 (GMT+02:00) on port 3000"}
{"level":"info","message":"Started server at Mon May 25 2020 19:57:16 GMT+0200 (GMT+02:00) on port 3000"}
{"level":"info","message":"Started server at Mon May 25 2020 19:57:45 GMT+0200 (GMT+02:00) on port 3000"}
{"level":"info","message":"Started server at Mon May 25 2020 21:54:45 GMT+0200 (GMT+02:00) on port 3000"}
{"level":"info","message":"Started server at Mon May 25 2020 21:54:48 GMT+0200 (GMT+02:00) on port 3000"}
{"level":"info","message":"Started server at Mon May 25 2020 21:56:50 GMT+0200 (GMT+02:00) on port 3000"}
{"level":"info","message":"Started server at Mon May 25 2020 21:57:45 GMT+0200 (GMT+02:00) on port 3000"}
{"level":"info","message":"Started server at Mon May 25 2020 21:59:35 GMT+0200 (GMT+02:00) on port 3000"}
{"level":"info","message":"Started server at Mon May 25 2020 22:00:51 GMT+0200 (GMT+02:00) on port 3000"}
{"level":"info","message":"Started server at Mon May 25 2020 22:01:11 GMT+0200 (GMT+02:00) on port 3000"}
{"level":"info","message":"Started server at Mon May 25 2020 22:01:40 GMT+0200 (GMT+02:00) on port 3000"}
{"level":"info","message":"Started server at Mon May 25 2020 22:02:01 GMT+0200 (GMT+02:00) on port 3000"}
{"level":"info","message":"Started server at Mon May 25 2020 22:02:35 GMT+0200 (GMT+02:00) on port 3000"}
{"level":"info","message":"Started server at Mon May 25 2020 22:03:58 GMT+0200 (GMT+02:00) on port 3000"}
{"level":"info","message":"Started server at Mon May 25 2020 22:04:50 GMT+0200 (GMT+02:00) on port 3000"}
{"level":"info","message":"Started server at Mon May 25 2020 22:05:36 GMT+0200 (GMT+02:00) on port 3000"}
{"level":"info","message":"Started server at Mon May 25 2020 22:05:39 GMT+0200 (GMT+02:00) on port 3000"}
{"level":"info","message":"Started server at Mon May 25 2020 22:08:05 GMT+0200 (GMT+02:00) on port 3000"}
{"level":"info","message":"Started server at Mon May 25 2020 22:08:13 GMT+0200 (GMT+02:00) on port 3000"}
{"level":"info","message":"Started server at Mon May 25 2020 22:09:25 GMT+0200 (GMT+02:00) on port 3000"}
{"level":"info","message":"Started server at Mon May 25 2020 22:09:43 GMT+0200 (GMT+02:00) on port 3000"}
{"level":"info","message":"Started server at Mon May 25 2020 22:09:48 GMT+0200 (GMT+02:00) on port 3000"}
{"level":"info","message":"Started server at Mon May 25 2020 22:12:03 GMT+0200 (GMT+02:00) on port 3000"}
{"level":"info","message":"Started server at Mon May 25 2020 22:13:19 GMT+0200 (GMT+02:00) on port 3000"}
{"level":"info","message":"Started server at Mon May 25 2020 22:13:24 GMT+0200 (GMT+02:00) on port 3000"}
{"level":"info","message":"Started server at Mon May 25 2020 22:15:31 GMT+0200 (GMT+02:00) on port 3000"}
{"level":"info","message":"Started server at Mon May 25 2020 22:16:18 GMT+0200 (GMT+02:00) on port 3000"}
{"level":"error","message":"Mon May 25 2020 22:16:21 GMT+0200 (GMT+02:00)Error while posting data: Request failed with status code 400"}
{"level":"info","message":"Started server at Mon May 25 2020 22:16:51 GMT+0200 (GMT+02:00) on port 3000"}
{"level":"error","message":"Mon May 25 2020 22:16:55 GMT+0200 (GMT+02:00) - Error while posting data: Request failed with status code 400"}
{"level":"info","message":"Started server at Mon May 25 2020 22:17:33 GMT+0200 (GMT+02:00) on port 3000"}
{"level":"info","message":"Started server at Mon May 25 2020 22:17:41 GMT+0200 (GMT+02:00) on port 3000"}
{"level":"info","message":"Started server at Mon May 25 2020 22:17:47 GMT+0200 (GMT+02:00) on port 3000"}
{"level":"info","message":"Started server at Mon May 25 2020 22:21:18 GMT+0200 (GMT+02:00) on port 3000"}
{"level":"info","message":"Started server at Mon May 25 2020 22:22:05 GMT+0200 (GMT+02:00) on port 3000"}
{"level":"info","message":"Started server at Mon May 25 2020 22:23:48 GMT+0200 (GMT+02:00) on port 3000"}
{"level":"info","message":"Started server at Mon May 25 2020 22:24:04 GMT+0200 (GMT+02:00) on port 3000"}
{"level":"info","message":"Started server at Mon May 25 2020 22:24:28 GMT+0200 (GMT+02:00) on port 3000"}
{"level":"info","message":"Started server at Mon May 25 2020 22:24:57 GMT+0200 (GMT+02:00) on port 3000"}
{"level":"info","message":"Started server at Mon May 25 2020 22:32:30 GMT+0200 (GMT+02:00) on port 3000"}
{"level":"info","message":"Started server at Mon May 25 2020 22:33:56 GMT+0200 (GMT+02:00) on port 3000"}
{"level":"info","message":"Started server at Mon May 25 2020 22:34:05 GMT+0200 (GMT+02:00) on port 3000"}
{"level":"info","message":"Started server at Mon May 25 2020 22:41:18 GMT+0200 (GMT+02:00) on port 3000"}
{"level":"info","message":"Started server at Tue May 26 2020 12:02:11 GMT+0200 (GMT+02:00) on port 3000"}
{"level":"info","message":"Started server at Tue May 26 2020 12:10:12 GMT+0200 (GMT+02:00) on port 3000"}
{"level":"info","message":"Started server at Tue May 26 2020 12:43:48 GMT+0200 (GMT+02:00) on port 3000"}
{"level":"info","message":"Started server at Tue May 26 2020 12:53:24 GMT+0200 (GMT+02:00) on port 3000"}
{"level":"info","message":"Started server at Tue May 26 2020 12:54:41 GMT+0200 (GMT+02:00) on port 3000"}
{"level":"info","message":"Started server at Tue May 26 2020 12:56:11 GMT+0200 (GMT+02:00) on port 3000"}
{"level":"info","message":"Started server at Tue May 26 2020 12:58:48 GMT+0200 (GMT+02:00) on port 3000"}
{"level":"info","message":"Started server at Tue May 26 2020 13:00:52 GMT+0200 (GMT+02:00) on port 3000"}
{"level":"info","message":"Started server at Tue May 26 2020 13:01:03 GMT+0200 (GMT+02:00) on port 3000"}
{"level":"info","message":"Started server at Tue May 26 2020 13:01:32 GMT+0200 (GMT+02:00) on port 3000"}
{"level":"info","message":"Started server at Tue May 26 2020 13:01:43 GMT+0200 (GMT+02:00) on port 3000"}
{"level":"info","message":"Started server at Tue May 26 2020 13:02:27 GMT+0200 (GMT+02:00) on port 3000"}
{"level":"info","message":"Started server at Tue May 26 2020 13:03:15 GMT+0200 (GMT+02:00) on port 3000"}
{"level":"info","message":"Started server at Tue May 26 2020 13:03:53 GMT+0200 (GMT+02:00) on port 3000"}
{"level":"info","message":"Started server at Tue May 26 2020 13:04:08 GMT+0200 (GMT+02:00) on port 3000"}
{"level":"info","message":"Started server at Tue May 26 2020 13:05:45 GMT+0200 (GMT+02:00) on port 3000"}
{"level":"info","message":"Started server at Tue May 26 2020 13:07:28 GMT+0200 (GMT+02:00) on port 3000"}
{"level":"info","message":"Started server at Tue May 26 2020 13:07:49 GMT+0200 (GMT+02:00) on port 3000"}
{"level":"info","message":"Started server at Tue May 26 2020 13:09:11 GMT+0200 (GMT+02:00) on port 3000"}
{"level":"info","message":"Started server at Tue May 26 2020 13:09:38 GMT+0200 (GMT+02:00) on port 3000"}
{"level":"info","message":"Started server at Tue May 26 2020 13:10:16 GMT+0200 (GMT+02:00) on port 3000"}
{"level":"info","message":"Started server at Tue May 26 2020 13:10:41 GMT+0200 (GMT+02:00) on port 3000"}
{"level":"info","message":"Started server at Tue May 26 2020 13:10:55 GMT+0200 (GMT+02:00) on port 3000"}
{"level":"info","message":"Started server at Tue May 26 2020 13:10:59 GMT+0200 (GMT+02:00) on port 3000"}
{"level":"info","message":"Started server at Tue May 26 2020 13:11:07 GMT+0200 (GMT+02:00) on port 3000"}
{"level":"info","message":"Started server at Tue May 26 2020 13:11:17 GMT+0200 (GMT+02:00) on port 3000"}
{"level":"info","message":"Started server at Tue May 26 2020 13:13:14 GMT+0200 (GMT+02:00) on port 3000"}
{"level":"info","message":"Started server at Tue May 26 2020 13:13:39 GMT+0200 (GMT+02:00) on port 3000"}
{"level":"info","message":"Started server at Tue May 26 2020 13:14:22 GMT+0200 (GMT+02:00) on port 3000"}
{"level":"info","message":"Started server at Tue May 26 2020 13:15:04 GMT+0200 (GMT+02:00) on port 3000"}
{"level":"info","message":"Started server at Tue May 26 2020 13:15:20 GMT+0200 (GMT+02:00) on port 3000"}
{"level":"info","message":"Started server at Tue May 26 2020 13:15:31 GMT+0200 (GMT+02:00) on port 3000"}
{"level":"info","message":"Started server at Tue May 26 2020 13:15:54 GMT+0200 (GMT+02:00) on port 3000"}
{"level":"info","message":"Started server at Tue May 26 2020 13:16:07 GMT+0200 (GMT+02:00) on port 3000"}
{"level":"info","message":"Started server at Tue May 26 2020 13:17:42 GMT+0200 (GMT+02:00) on port 3000"}
{"level":"info","message":"Started server at Tue May 26 2020 13:19:06 GMT+0200 (GMT+02:00) on port 3000"}
{"level":"info","message":"Started server at Tue May 26 2020 13:19:43 GMT+0200 (GMT+02:00) on port 3000"}
{"level":"info","message":"Started server at Tue May 26 2020 13:20:42 GMT+0200 (GMT+02:00) on port 3000"}
{"level":"info","message":"Started server at Tue May 26 2020 13:21:39 GMT+0200 (GMT+02:00) on port 3000"}
{"level":"info","message":"Started server at Tue May 26 2020 13:23:09 GMT+0200 (GMT+02:00) on port 3000"}
{"level":"error","message":"Tue May 26 2020 13:23:14 GMT+0200 (GMT+02:00) - Error while getting data: Request failed with status code 400"}
{"level":"info","message":"Started server at Tue May 26 2020 13:23:22 GMT+0200 (GMT+02:00) on port 3000"}
{"level":"info","message":"Started server at Tue May 26 2020 15:37:11 GMT+0200 (GMT+02:00) on port 3000"}
{"level":"info","message":"Started server at Tue May 26 2020 17:03:52 GMT+0200 (GMT+02:00) on port 3000"}
{"level":"info","message":"Started server at Tue May 26 2020 17:04:13 GMT+0200 (GMT+02:00) on port 3000"}
{"level":"error","message":"Tue May 26 2020 17:04:29 GMT+0200 (GMT+02:00) - Error while getting data: Request failed with status code 400"}
{"level":"error","message":"Tue May 26 2020 17:05:13 GMT+0200 (GMT+02:00) - Error while getting data: Request failed with status code 400"}
{"level":"info","message":"Started server at Tue May 26 2020 17:06:19 GMT+0200 (GMT+02:00) on port 3000"}
{"level":"error","message":"Tue May 26 2020 17:06:26 GMT+0200 (GMT+02:00) - Error while getting data: Request failed with status code 400"}
{"level":"info","message":"Started server at Tue May 26 2020 17:07:12 GMT+0200 (GMT+02:00) on port 3000"}
{"level":"error","message":"Tue May 26 2020 17:07:16 GMT+0200 (GMT+02:00) - Error while getting data: Request failed with status code 400"}
{"level":"info","message":"Started server at Tue May 26 2020 17:09:50 GMT+0200 (GMT+02:00) on port 3000"}
{"level":"info","message":"Started server at Tue May 26 2020 17:09:53 GMT+0200 (GMT+02:00) on port 3000"}
{"level":"info","message":"Started server at Tue May 26 2020 17:10:53 GMT+0200 (GMT+02:00) on port 3000"}
{"level":"info","message":"Started server at Tue May 26 2020 17:10:59 GMT+0200 (GMT+02:00) on port 3000"}
{"level":"info","message":"Started server at Tue May 26 2020 17:15:09 GMT+0200 (GMT+02:00) on port 3000"}
{"level":"info","message":"Started server at Tue May 26 2020 17:15:20 GMT+0200 (GMT+02:00) on port 3000"}
{"level":"info","message":"Started server at Tue May 26 2020 17:15:25 GMT+0200 (GMT+02:00) on port 3000"}
{"level":"info","message":"Started server at Tue May 26 2020 17:21:09 GMT+0200 (GMT+02:00) on port 3000"}
{"level":"info","message":"Started server at Tue May 26 2020 17:21:49 GMT+0200 (GMT+02:00) on port 3000"}
{"level":"info","message":"Started server at Tue May 26 2020 17:22:42 GMT+0200 (GMT+02:00) on port 3000"}
{"level":"error","message":"Tue May 26 2020 17:23:23 GMT+0200 (GMT+02:00) - Error while deleting data: Request failed with status code 400"}
{"level":"info","message":"Started server at Tue May 26 2020 18:48:21 GMT+0200 (GMT+02:00) on port 3000"}
{"level":"info","message":"Started server at Tue May 26 2020 18:52:53 GMT+0200 (GMT+02:00) on port 3000"}
{"level":"info","message":"Started server at Tue May 26 2020 18:53:05 GMT+0200 (GMT+02:00) on port 3000"}
{"level":"info","message":"Started server at Tue May 26 2020 18:53:21 GMT+0200 (GMT+02:00) on port 3000"}
{"level":"error","message":"Tue May 26 2020 18:53:24 GMT+0200 (GMT+02:00) - Error while getting data: response is not a function"}
{"level":"info","message":"Started server at Tue May 26 2020 18:53:48 GMT+0200 (GMT+02:00) on port 3000"}
{"level":"info","message":"Started server at Tue May 26 2020 18:53:56 GMT+0200 (GMT+02:00) on port 3000"}
{"level":"info","message":"Started server at Tue May 26 2020 18:58:06 GMT+0200 (GMT+02:00) on port 3000"}
{"level":"info","message":"Started server at Tue May 26 2020 19:01:14 GMT+0200 (GMT+02:00) on port 3000"}
{"level":"info","message":"Started server at Tue May 26 2020 19:01:31 GMT+0200 (GMT+02:00) on port 3000"}
{"level":"info","message":"Started server at Tue May 26 2020 19:01:34 GMT+0200 (GMT+02:00) on port 3000"}
{"level":"info","message":"Started server at Tue May 26 2020 19:02:08 GMT+0200 (GMT+02:00) on port 3000"}
{"level":"info","message":"Started server at Tue May 26 2020 19:04:59 GMT+0200 (GMT+02:00) on port 3000"}
{"level":"info","message":"Started server at Tue May 26 2020 19:05:21 GMT+0200 (GMT+02:00) on port 3000"}
{"level":"info","message":"Started server at Tue May 26 2020 19:08:40 GMT+0200 (GMT+02:00) on port 3000"}
{"level":"info","message":"Started server at Tue May 26 2020 19:09:05 GMT+0200 (GMT+02:00) on port 3000"}
{"level":"info","message":"Started server at Tue May 26 2020 19:09:15 GMT+0200 (GMT+02:00) on port 3000"}
{"level":"info","message":"Started server at Tue May 26 2020 19:10:12 GMT+0200 (GMT+02:00) on port 3000"}
{"level":"info","message":"Started server at Tue May 26 2020 19:10:40 GMT+0200 (GMT+02:00) on port 3000"}
{"level":"info","message":"Started server at Tue May 26 2020 19:12:41 GMT+0200 (GMT+02:00) on port 3000"}
{"level":"info","message":"Started server at Tue May 26 2020 19:15:07 GMT+0200 (GMT+02:00) on port 3000"}
{"level":"info","message":"Started server at Tue May 26 2020 19:15:29 GMT+0200 (GMT+02:00) on port 3000"}
{"level":"info","message":"Started server at Tue May 26 2020 19:15:45 GMT+0200 (GMT+02:00) on port 3000"}
{"level":"info","message":"Started server at Tue May 26 2020 19:16:15 GMT+0200 (GMT+02:00) on port 3000"}
{"level":"info","message":"Started server at Tue May 26 2020 19:22:57 GMT+0200 (GMT+02:00) on port 3000"}
{"level":"info","message":"Started server at Tue May 26 2020 19:23:12 GMT+0200 (GMT+02:00) on port 3000"}
{"level":"info","message":"Started server at Tue May 26 2020 19:23:55 GMT+0200 (GMT+02:00) on port 3000"}
{"level":"info","message":"Started server at Tue May 26 2020 19:28:13 GMT+0200 (GMT+02:00) on port 3000"}
{"level":"info","message":"Started server at Tue May 26 2020 19:28:39 GMT+0200 (GMT+02:00) on port 3000"}
{"level":"info","message":"Started server at Tue May 26 2020 19:28:55 GMT+0200 (GMT+02:00) on port 3000"}
{"level":"info","message":"Started server at Tue May 26 2020 19:29:16 GMT+0200 (GMT+02:00) on port 3000"}
{"level":"info","message":"Started server at Tue May 26 2020 19:30:11 GMT+0200 (GMT+02:00) on port 3000"}
{"level":"info","message":"Started server at Tue May 26 2020 19:30:13 GMT+0200 (GMT+02:00) on port 3000"}
{"level":"info","message":"Started server at Tue May 26 2020 19:30:31 GMT+0200 (GMT+02:00) on port 3000"}
{"level":"info","message":"Started server at Tue May 26 2020 19:30:37 GMT+0200 (GMT+02:00) on port 3000"}
{"level":"info","message":"Started server at Tue May 26 2020 19:31:52 GMT+0200 (GMT+02:00) on port 3000"}
{"level":"info","message":"Started server at Tue May 26 2020 19:31:57 GMT+0200 (GMT+02:00) on port 3000"}
{"level":"info","message":"Started server at Tue May 26 2020 19:32:08 GMT+0200 (GMT+02:00) on port 3000"}
{"level":"info","message":"Started server at Tue May 26 2020 19:33:19 GMT+0200 (GMT+02:00) on port 3000"}
{"level":"info","message":"Started server at Tue May 26 2020 19:33:35 GMT+0200 (GMT+02:00) on port 3000"}
{"level":"info","message":"Started server at Tue May 26 2020 19:33:42 GMT+0200 (GMT+02:00) on port 3000"}
{"level":"info","message":"Started server at Tue May 26 2020 19:34:19 GMT+0200 (GMT+02:00) on port 3000"}
{"level":"info","message":"Started server at Tue May 26 2020 19:34:23 GMT+0200 (GMT+02:00) on port 3000"}
{"level":"info","message":"Started server at Tue May 26 2020 19:36:11 GMT+0200 (GMT+02:00) on port 3000"}
{"level":"info","message":"Started server at Tue May 26 2020 19:38:44 GMT+0200 (GMT+02:00) on port 3000"}
{"level":"info","message":"Started server at Tue May 26 2020 19:40:09 GMT+0200 (GMT+02:00) on port 3000"}
{"level":"info","message":"Started server at Tue May 26 2020 19:40:27 GMT+0200 (GMT+02:00) on port 3000"}
{"level":"info","message":"Started server at Tue May 26 2020 19:40:33 GMT+0200 (GMT+02:00) on port 3000"}
{"level":"info","message":"Started server at Sat May 30 2020 12:48:18 GMT+0200 (GMT+02:00) on port 3000"}
{"level":"info","message":"Started server at Mon Jun 01 2020 11:01:31 GMT+0200 (GMT+02:00) on port 3000"}
{"level":"info","message":"Started server at Mon Jun 01 2020 11:03:15 GMT+0200 (GMT+02:00) on port 3000"}
{"level":"info","message":"Started server at Mon Jun 01 2020 12:29:11 GMT+0200 (GMT+02:00) on port 3000"}
{"level":"info","message":"Started server at Mon Jun 01 2020 12:29:19 GMT+0200 (GMT+02:00) on port 3000"}
{"level":"info","message":"Started server at Mon Jun 01 2020 12:31:06 GMT+0200 (GMT+02:00) on port 3000"}
{"level":"info","message":"Started server at Mon Jun 01 2020 12:31:23 GMT+0200 (GMT+02:00) on port 3000"}
{"level":"info","message":"Started server at Mon Jun 01 2020 12:31:34 GMT+0200 (GMT+02:00) on port 3000"}
{"level":"info","message":"Started server at Mon Jun 01 2020 12:31:40 GMT+0200 (GMT+02:00) on port 3000"}
{"level":"info","message":"Started server at Mon Jun 01 2020 12:33:44 GMT+0200 (GMT+02:00) on port 3000"}
{"level":"info","message":"Started server at Mon Jun 01 2020 12:34:40 GMT+0200 (GMT+02:00) on port 3000"}
{"level":"info","message":"Started server at Mon Jun 01 2020 12:35:10 GMT+0200 (GMT+02:00) on port 3000"}
{"level":"info","message":"Started server at Mon Jun 01 2020 12:35:31 GMT+0200 (GMT+02:00) on port 3000"}
{"level":"info","message":"Started server at Mon Jun 01 2020 12:35:39 GMT+0200 (GMT+02:00) on port 3000"}
{"level":"info","message":"Started server at Mon Jun 01 2020 12:35:58 GMT+0200 (GMT+02:00) on port 3000"}
{"level":"info","message":"Started server at Mon Jun 01 2020 12:36:03 GMT+0200 (GMT+02:00) on port 3000"}
{"level":"info","message":"Started server at Mon Jun 01 2020 12:44:51 GMT+0200 (GMT+02:00) on port 3000"}
{"level":"info","message":"Started server at Mon Jun 01 2020 12:45:01 GMT+0200 (GMT+02:00) on port 3000"}
{"level":"info","message":"Started server at Mon Jun 01 2020 12:45:04 GMT+0200 (GMT+02:00) on port 3000"}
{"level":"info","message":"Started server at Mon Jun 01 2020 12:45:17 GMT+0200 (GMT+02:00) on port 3000"}
{"level":"info","message":"Started server at Mon Jun 01 2020 12:45:22 GMT+0200 (GMT+02:00) on port 3000"}
{"level":"info","message":"Started server at Mon Jun 01 2020 12:48:12 GMT+0200 (GMT+02:00) on port 3000"}
{"level":"info","message":"Started server at Mon Jun 01 2020 12:48:21 GMT+0200 (GMT+02:00) on port 3000"}
{"level":"info","message":"Started server at Mon Jun 01 2020 12:48:45 GMT+0200 (GMT+02:00) on port 3000"}
{"level":"info","message":"Started server at Mon Jun 01 2020 12:49:16 GMT+0200 (GMT+02:00) on port 3000"}
{"level":"info","message":"Started server at Mon Jun 01 2020 12:50:06 GMT+0200 (GMT+02:00) on port 3000"}
{"level":"info","message":"Started server at Mon Jun 01 2020 12:51:03 GMT+0200 (GMT+02:00) on port 3000"}
{"level":"info","message":"Started server at Mon Jun 01 2020 12:53:01 GMT+0200 (GMT+02:00) on port 3000"}
{"level":"info","message":"Started server at Mon Jun 01 2020 12:54:15 GMT+0200 (GMT+02:00) on port 3000"}
{"level":"info","message":"Started server at Mon Jun 01 2020 12:54:29 GMT+0200 (GMT+02:00) on port 3000"}
{"level":"info","message":"Started server at Mon Jun 01 2020 12:54:45 GMT+0200 (GMT+02:00) on port 3000"}
{"level":"info","message":"Started server at Mon Jun 01 2020 12:54:51 GMT+0200 (GMT+02:00) on port 3000"}
{"level":"info","message":"Started server at Mon Jun 01 2020 12:55:47 GMT+0200 (GMT+02:00) on port 3000"}
{"level":"info","message":"Started server at Mon Jun 01 2020 12:55:58 GMT+0200 (GMT+02:00) on port 3000"}
{"level":"info","message":"Started server at Mon Jun 01 2020 12:56:03 GMT+0200 (GMT+02:00) on port 3000"}
{"level":"info","message":"Started server at Mon Jun 01 2020 12:57:56 GMT+0200 (GMT+02:00) on port 3000"}
{"level":"info","message":"Started server at Mon Jun 01 2020 12:58:03 GMT+0200 (GMT+02:00) on port 3000"}
{"level":"info","message":"Started server at Mon Jun 01 2020 12:59:22 GMT+0200 (GMT+02:00) on port 3000"}
{"level":"info","message":"Started server at Mon Jun 01 2020 13:00:17 GMT+0200 (GMT+02:00) on port 3000"}
{"level":"info","message":"Started server at Mon Jun 01 2020 13:00:23 GMT+0200 (GMT+02:00) on port 3000"}
{"level":"info","message":"Started server at Mon Jun 01 2020 13:00:43 GMT+0200 (GMT+02:00) on port 3000"}
{"level":"info","message":"Started server at Mon Jun 01 2020 13:00:49 GMT+0200 (GMT+02:00) on port 3000"}
{"level":"info","message":"Started server at Mon Jun 01 2020 13:01:46 GMT+0200 (GMT+02:00) on port 3000"}
{"level":"info","message":"Started server at Mon Jun 01 2020 13:01:51 GMT+0200 (GMT+02:00) on port 3000"}
{"level":"info","message":"Started server at Mon Jun 01 2020 13:01:55 GMT+0200 (GMT+02:00) on port 3000"}
{"level":"info","message":"Started server at Mon Jun 01 2020 13:02:01 GMT+0200 (GMT+02:00) on port 3000"}
{"level":"info","message":"Started server at Mon Jun 01 2020 13:02:05 GMT+0200 (GMT+02:00) on port 3000"}
{"level":"info","message":"Started server at Mon Jun 01 2020 13:04:02 GMT+0200 (GMT+02:00) on port 3000"}
{"level":"info","message":"Started server at Mon Jun 01 2020 13:04:14 GMT+0200 (GMT+02:00) on port 3000"}
{"level":"info","message":"Started server at Mon Jun 01 2020 13:04:47 GMT+0200 (GMT+02:00) on port 3000"}
{"level":"info","message":"Started server at Mon Jun 01 2020 13:05:18 GMT+0200 (GMT+02:00) on port 3000"}
{"level":"info","message":"Started server at Mon Jun 01 2020 13:05:24 GMT+0200 (GMT+02:00) on port 3000"}
{"level":"info","message":"Started server at Mon Jun 01 2020 13:05:40 GMT+0200 (GMT+02:00) on port 3000"}
{"level":"info","message":"Started server at Mon Jun 01 2020 13:06:27 GMT+0200 (GMT+02:00) on port 3000"}
{"level":"info","message":"Started server at Mon Jun 01 2020 13:06:33 GMT+0200 (GMT+02:00) on port 3000"}
{"level":"info","message":"Started server at Mon Jun 01 2020 13:06:57 GMT+0200 (GMT+02:00) on port 3000"}
{"level":"info","message":"Started server at Mon Jun 01 2020 13:07:03 GMT+0200 (GMT+02:00) on port 3000"}
{"level":"info","message":"Started server at Mon Jun 01 2020 13:07:24 GMT+0200 (GMT+02:00) on port 3000"}
{"level":"info","message":"Started server at Mon Jun 01 2020 13:08:09 GMT+0200 (GMT+02:00) on port 3000"}
{"level":"info","message":"Started server at Mon Jun 01 2020 13:08:31 GMT+0200 (GMT+02:00) on port 3000"}
{"level":"info","message":"Started server at Mon Jun 01 2020 13:08:35 GMT+0200 (GMT+02:00) on port 3000"}
{"level":"info","message":"Started server at Mon Jun 01 2020 13:08:48 GMT+0200 (GMT+02:00) on port 3000"}
{"level":"info","message":"Started server at Mon Jun 01 2020 13:09:52 GMT+0200 (GMT+02:00) on port 3000"}
{"level":"info","message":"Started server at Mon Jun 01 2020 13:10:16 GMT+0200 (GMT+02:00) on port 3000"}
{"level":"info","message":"Started server at Mon Jun 01 2020 13:11:11 GMT+0200 (GMT+02:00) on port 3000"}
{"level":"info","message":"Started server at Mon Jun 01 2020 13:11:17 GMT+0200 (GMT+02:00) on port 3000"}
{"level":"info","message":"Started server at Mon Jun 01 2020 13:12:52 GMT+0200 (GMT+02:00) on port 3000"}
{"level":"info","message":"Started server at Mon Jun 01 2020 13:15:15 GMT+0200 (GMT+02:00) on port 3000"}
{"level":"info","message":"Started server at Mon Jun 01 2020 13:15:45 GMT+0200 (GMT+02:00) on port 3000"}
{"level":"info","message":"Started server at Mon Jun 01 2020 13:16:00 GMT+0200 (GMT+02:00) on port 3000"}
{"level":"info","message":"Started server at Mon Jun 01 2020 13:16:43 GMT+0200 (GMT+02:00) on port 3000"}
{"level":"info","message":"Started server at Mon Jun 01 2020 13:17:13 GMT+0200 (GMT+02:00) on port 3000"}
{"level":"info","message":"Started server at Mon Jun 01 2020 13:17:50 GMT+0200 (GMT+02:00) on port 3000"}
{"level":"info","message":"Started server at Mon Jun 01 2020 13:18:02 GMT+0200 (GMT+02:00) on port 3000"}
{"level":"info","message":"Started server at Mon Jun 01 2020 13:18:39 GMT+0200 (GMT+02:00) on port 3000"}
{"level":"info","message":"Started server at Mon Jun 01 2020 13:18:52 GMT+0200 (GMT+02:00) on port 3000"}
{"level":"info","message":"Started server at Mon Jun 01 2020 13:19:36 GMT+0200 (GMT+02:00) on port 3000"}
{"level":"info","message":"Started server at Mon Jun 01 2020 13:20:57 GMT+0200 (GMT+02:00) on port 3000"}
{"level":"info","message":"Started server at Mon Jun 01 2020 13:21:32 GMT+0200 (GMT+02:00) on port 3000"}
{"level":"info","message":"Started server at Mon Jun 01 2020 13:21:45 GMT+0200 (GMT+02:00) on port 3000"}
{"level":"info","message":"Started server at Mon Jun 01 2020 13:23:17 GMT+0200 (GMT+02:00) on port 3000"}
{"level":"info","message":"Started server at Mon Jun 01 2020 13:28:18 GMT+0200 (GMT+02:00) on port 3000"}
{"level":"info","message":"Started server at Mon Jun 01 2020 13:28:29 GMT+0200 (GMT+02:00) on port 3000"}
{"level":"info","message":"Started server at Mon Jun 01 2020 13:30:38 GMT+0200 (GMT+02:00) on port 3000"}
{"level":"info","message":"Started server at Mon Jun 01 2020 13:31:08 GMT+0200 (GMT+02:00) on port 3000"}
{"level":"info","message":"Started server at Tue Jun 02 2020 20:32:53 GMT+0200 (GMT+02:00) on port 3000"}
{"level":"info","message":"Started server at Tue Jun 02 2020 20:33:43 GMT+0200 (GMT+02:00) on port 3000"}
{"level":"info","message":"Started server at Tue Jun 02 2020 20:34:38 GMT+0200 (GMT+02:00) on port 3000"}
{"level":"info","message":"Started server at Tue Jun 02 2020 20:43:58 GMT+0200 (GMT+02:00) on port 3000"}
{"level":"error","message":"Tue Jun 02 2020 20:44:41 GMT+0200 (GMT+02:00) - Error while deleting data: Request failed with status code 400"}
{"level":"info","message":"Started server at Tue Jun 02 2020 20:45:03 GMT+0200 (GMT+02:00) on port 3000"}
{"level":"info","message":"Started server at Tue Jun 02 2020 20:47:53 GMT+0200 (GMT+02:00) on port 3000"}
{"level":"error","message":"Tue Jun 02 2020 20:48:07 GMT+0200 (GMT+02:00) - Error while deleting data: Request failed with status code 404"}
{"level":"info","message":"Started server at Tue Jun 02 2020 20:51:16 GMT+0200 (GMT+02:00) on port 3000"}
{"level":"info","message":"Started server at Tue Jun 02 2020 20:53:07 GMT+0200 (GMT+02:00) on port 3000"}
{"level":"info","message":"Started server at Tue Jun 02 2020 20:53:59 GMT+0200 (GMT+02:00) on port 3000"}
{"level":"error","message":"Tue Jun 02 2020 20:54:01 GMT+0200 (GMT+02:00) - Error while deleting data: Request failed with status code 404"}
{"level":"info","message":"Started server at Tue Jun 02 2020 20:54:57 GMT+0200 (GMT+02:00) on port 3000"}
{"level":"info","message":"Started server at Tue Jun 02 2020 20:55:17 GMT+0200 (GMT+02:00) on port 3000"}
{"level":"error","message":"Tue Jun 02 2020 20:55:21 GMT+0200 (GMT+02:00) - Error while deleting data: Request failed with status code 404 from IP adress::1"}
{"level":"info","message":"Started server at Tue Jun 02 2020 20:55:46 GMT+0200 (GMT+02:00) on port 3000"}
{"level":"info","message":"Started server at Tue Jun 02 2020 20:56:23 GMT+0200 (GMT+02:00) on port 3000"}
{"level":"error","message":"@::1Tue Jun 02 2020 20:56:27 GMT+0200 (GMT+02:00) - Error while deleting data: Request failed with status code 404"}
{"level":"info","message":"Started server at Tue Jun 02 2020 20:56:41 GMT+0200 (GMT+02:00) on port 3000"}
{"level":"info","message":"Started server at Tue Jun 02 2020 20:58:50 GMT+0200 (GMT+02:00) on port 3000"}
{"level":"info","message":"Started server at Tue Jun 02 2020 21:02:19 GMT+0200 (GMT+02:00) on port 3000"}
{"level":"error","message":["@","::ffff:127.0.0.1",": ","2020-06-02T19:02:20.313Z"," - Error while deleting data: ","The \"url\" argument must be of type string. Received type object"]}
{"level":"info","message":"Started server at Tue Jun 02 2020 21:05:20 GMT+0200 (GMT+02:00) on port 3000"}
{"level":"info","message":"Started server at Tue Jun 02 2020 21:05:38 GMT+0200 (GMT+02:00) on port 3000"}
{"level":"info","message":"Started server at Tue Jun 02 2020 21:06:18 GMT+0200 (GMT+02:00) on port 3000"}
{"level":"info","message":"Started server at Tue Jun 02 2020 21:06:42 GMT+0200 (GMT+02:00) on port 3000"}
{"level":"error","message":"Tue Jun 02 2020 21:07:18 GMT+0200 (GMT+02:00) - Error while posting data: Request failed with status code 405"}
{"level":"error","message":"Tue Jun 02 2020 21:09:38 GMT+0200 (GMT+02:00) - Error while posting data: Request failed with status code 405"}
{"level":"info","message":"Started server at Tue Jun 02 2020 21:10:11 GMT+0200 (GMT+02:00) on port 3000"}
{"level":"info","message":"Started server at Tue Jun 02 2020 21:11:00 GMT+0200 (GMT+02:00) on port 3000"}
{"level":"error","message":"Tue Jun 02 2020 21:11:02 GMT+0200 (GMT+02:00) - Error while posting data: Request failed with status code 405"}
{"level":"error","message":"Tue Jun 02 2020 21:11:14 GMT+0200 (GMT+02:00) - Error while posting data: Request failed with status code 405"}
{"level":"error","message":"Tue Jun 02 2020 21:19:53 GMT+0200 (GMT+02:00) - Error while posting data: Request failed with status code 405"}
{"level":"info","message":"Started server at Tue Jun 02 2020 21:21:05 GMT+0200 (GMT+02:00) on port 3000"}
{"level":"error","message":"Tue Jun 02 2020 21:24:33 GMT+0200 (GMT+02:00) - Error while posting data: Request failed with status code 405"}
{"level":"info","message":"Started server at Tue Jun 02 2020 21:25:26 GMT+0200 (GMT+02:00) on port 3000"}
{"level":"info","message":"Started server at Tue Jun 02 2020 21:25:45 GMT+0200 (GMT+02:00) on port 3000"}
{"level":"info","message":"Started server at Tue Jun 02 2020 21:26:03 GMT+0200 (GMT+02:00) on port 3000"}
{"level":"info","message":"Started server at Tue Jun 02 2020 21:26:41 GMT+0200 (GMT+02:00) on port 3000"}
{"level":"info","message":"Started server at Tue Jun 02 2020 21:26:56 GMT+0200 (GMT+02:00) on port 3000"}
{"level":"info","message":"Started server at Tue Jun 02 2020 21:27:52 GMT+0200 (GMT+02:00) on port 3000"}
{"level":"error","message":"Tue Jun 02 2020 21:27:54 GMT+0200 (GMT+02:00) - Error while posting data: undefined"}
{"level":"info","message":"Started server at Tue Jun 02 2020 21:28:19 GMT+0200 (GMT+02:00) on port 3000"}
{"level":"info","message":"Started server at Tue Jun 02 2020 21:28:55 GMT+0200 (GMT+02:00) on port 3000"}
{"level":"error","message":"Tue Jun 02 2020 21:28:58 GMT+0200 (GMT+02:00) - Error while posting data: Request failed with status code 405"}
{"level":"info","message":"Started server at Tue Jun 02 2020 21:31:58 GMT+0200 (GMT+02:00) on port 3000"}
{"level":"error","message":"Tue Jun 02 2020 21:32:28 GMT+0200 (GMT+02:00) - Error while posting data: Request failed with status code 405"}
{"level":"info","message":"Started server at Tue Jun 02 2020 21:33:27 GMT+0200 (GMT+02:00) on port 3000"}
{"level":"info","message":"Started server at Tue Jun 02 2020 21:34:10 GMT+0200 (GMT+02:00) on port 3000"}
{"level":"info","message":"Started server at Tue Jun 02 2020 21:34:18 GMT+0200 (GMT+02:00) on port 3000"}
{"level":"error","message":"Tue Jun 02 2020 21:34:25 GMT+0200 (GMT+02:00) - Error while posting data: Request failed with status code 405"}
{"level":"info","message":"Started server at Tue Jun 02 2020 21:36:32 GMT+0200 (GMT+02:00) on port 3000"}
{"level":"error","message":"Tue Jun 02 2020 21:36:41 GMT+0200 (GMT+02:00) - Error while posting data: Request failed with status code 405"}
{"level":"info","message":"Started server at Tue Jun 02 2020 21:37:59 GMT+0200 (GMT+02:00) on port 3000"}
{"level":"error","message":"Tue Jun 02 2020 21:38:17 GMT+0200 (GMT+02:00) - Error while posting data: Request failed with status code 405"}
{"level":"error","message":"Tue Jun 02 2020 21:38:51 GMT+0200 (GMT+02:00) - Error while posting data: Request failed with status code 405"}
{"level":"error","message":"Tue Jun 02 2020 21:40:19 GMT+0200 (GMT+02:00) - Error while posting data: Request failed with status code 405"}
{"level":"info","message":"Started server at Tue Jun 02 2020 21:40:52 GMT+0200 (GMT+02:00) on port 3000"}
{"level":"error","message":"Tue Jun 02 2020 21:40:55 GMT+0200 (GMT+02:00) - Error while posting data: Request failed with status code 405"}
{"level":"info","message":"Started server at Tue Jun 02 2020 21:41:42 GMT+0200 (GMT+02:00) on port 3000"}
{"level":"info","message":"Started server at Tue Jun 02 2020 21:42:39 GMT+0200 (GMT+02:00) on port 3000"}
{"level":"info","message":"Started server at Tue Jun 02 2020 21:43:28 GMT+0200 (GMT+02:00) on port 3000"}
{"level":"info","message":"Started server at Tue Jun 02 2020 21:44:34 GMT+0200 (GMT+02:00) on port 3000"}
{"level":"info","message":"Started server at Tue Jun 02 2020 21:45:13 GMT+0200 (GMT+02:00) on port 3000"}
{"level":"info","message":"Started server at Tue Jun 02 2020 21:46:36 GMT+0200 (GMT+02:00) on port 3000"}
{"level":"info","message":"Started server at Tue Jun 02 2020 21:47:25 GMT+0200 (GMT+02:00) on port 3000"}
{"level":"info","message":"Started server at Tue Jun 02 2020 21:47:51 GMT+0200 (GMT+02:00) on port 3000"}
{"level":"info","message":"Started server at Tue Jun 02 2020 21:48:47 GMT+0200 (GMT+02:00) on port 3000"}
{"level":"error","message":"Tue Jun 02 2020 21:48:50 GMT+0200 (GMT+02:00) - Error while posting data: Request failed with status code 405"}
{"level":"info","message":"Started server at Tue Jun 02 2020 21:49:01 GMT+0200 (GMT+02:00) on port 3000"}
{"level":"error","message":"Tue Jun 02 2020 21:49:06 GMT+0200 (GMT+02:00) - Error while posting data: Request failed with status code 415"}
{"level":"info","message":"Started server at Tue Jun 02 2020 21:49:47 GMT+0200 (GMT+02:00) on port 3000"}
{"level":"info","message":"Started server at Tue Jun 02 2020 21:54:38 GMT+0200 (GMT+02:00) on port 3000"}
{"level":"info","message":"Started server at Tue Jun 02 2020 21:55:09 GMT+0200 (GMT+02:00) on port 3000"}
{"level":"info","message":"Started server at Tue Jun 02 2020 21:55:51 GMT+0200 (GMT+02:00) on port 3000"}
{"level":"info","message":"Started server at Tue Jun 02 2020 21:56:18 GMT+0200 (GMT+02:00) on port 3000"}
{"level":"info","message":"Started server at Tue Jun 02 2020 21:56:46 GMT+0200 (GMT+02:00) on port 3000"}
{"level":"info","message":"Started server at Tue Jun 02 2020 21:57:00 GMT+0200 (GMT+02:00) on port 3000"}
{"level":"info","message":"Started server at Tue Jun 02 2020 21:57:26 GMT+0200 (GMT+02:00) on port 3000"}
{"level":"info","message":"Started server at Tue Jun 02 2020 21:57:49 GMT+0200 (GMT+02:00) on port 3000"}
{"level":"info","message":"Started server at Tue Jun 02 2020 21:59:42 GMT+0200 (GMT+02:00) on port 3000"}
{"level":"info","message":"Started server at Tue Jun 02 2020 22:09:21 GMT+0200 (GMT+02:00) on port 3000"}
{"level":"info","message":"Started server at Tue Jun 02 2020 22:11:26 GMT+0200 (GMT+02:00) on port 3000"}
{"level":"info","message":"Started server at Tue Jun 02 2020 22:11:38 GMT+0200 (GMT+02:00) on port 3000"}
{"level":"info","message":"Started server at Tue Jun 02 2020 22:12:26 GMT+0200 (GMT+02:00) on port 3000"}
{"level":"error","message":"Tue Jun 02 2020 22:12:31 GMT+0200 (GMT+02:00) - Error while getting data: res is not defined"}
{"level":"info","message":"Started server at Tue Jun 02 2020 22:13:20 GMT+0200 (GMT+02:00) on port 3000"}
{"level":"error","message":"Tue Jun 02 2020 22:13:23 GMT+0200 (GMT+02:00) - Error while getting data: err is not defined"}
{"level":"info","message":"Started server at Tue Jun 02 2020 22:13:37 GMT+0200 (GMT+02:00) on port 3000"}
{"level":"info","message":"Started server at Tue Jun 02 2020 22:13:43 GMT+0200 (GMT+02:00) on port 3000"}
{"level":"error","message":"Tue Jun 02 2020 22:13:46 GMT+0200 (GMT+02:00) - Error while getting data: err is not defined"}
{"level":"info","message":"Started server at Tue Jun 02 2020 22:14:23 GMT+0200 (GMT+02:00) on port 3000"}
{"level":"error","message":"Tue Jun 02 2020 22:14:30 GMT+0200 (GMT+02:00) - Error while getting data: err is not defined"}
{"level":"info","message":"Started server at Tue Jun 02 2020 22:14:55 GMT+0200 (GMT+02:00) on port 3000"}
{"level":"info","message":"Started server at Tue Jun 02 2020 22:15:39 GMT+0200 (GMT+02:00) on port 3000"}
{"level":"info","message":"Started server at Tue Jun 02 2020 22:15:47 GMT+0200 (GMT+02:00) on port 3000"}
{"level":"info","message":"Tue Jun 02 2020 22:15:50 GMT+0200 (GMT+02:00) - Data successfully returned -200"}
{"level":"info","message":"Started server at Tue Jun 02 2020 22:18:12 GMT+0200 (GMT+02:00) on port 3000"}
{"level":"info","message":"Tue Jun 02 2020 22:19:01 GMT+0200 (GMT+02:00) - Data successfully returned -201"}
{"level":"info","message":"Started server at Tue Jun 02 2020 22:20:02 GMT+0200 (GMT+02:00) on port 3000"}
{"level":"info","message":"Started server at Tue Jun 02 2020 22:23:49 GMT+0200 (GMT+02:00) on port 3000"}
{"level":"info","message":"Started server at Tue Jun 02 2020 22:26:16 GMT+0200 (GMT+02:00) on port 3000"}
{"level":"info","message":"Tue Jun 02 2020 22:26:26 GMT+0200 (GMT+02:00) - Data successfully returned - 200"}
{"level":"info","message":"Tue Jun 02 2020 22:27:05 GMT+0200 (GMT+02:00) - Data successfully returned - 201"}
{"level":"info","message":"Started server at Tue Jun 02 2020 22:28:45 GMT+0200 (GMT+02:00) on port 3000"}
{"level":"error","message":"Tue Jun 02 2020 22:28:51 GMT+0200 (GMT+02:00) - Error while deleting data: Request failed with status code 400"}
{"level":"info","message":"Tue Jun 02 2020 22:29:24 GMT+0200 (GMT+02:00) - Data successfully returned - 204"}
