{"level":"error","message":"Mon May 25 2020 22:16:21 GMT+0200 (GMT+02:00)Error while posting data: Request failed with status code 400"}
{"level":"error","message":"Mon May 25 2020 22:16:55 GMT+0200 (GMT+02:00) - Error while posting data: Request failed with status code 400"}
{"level":"error","message":"Tue May 26 2020 13:23:14 GMT+0200 (GMT+02:00) - Error while getting data: Request failed with status code 400"}
{"level":"error","message":"Tue May 26 2020 17:04:29 GMT+0200 (GMT+02:00) - Error while getting data: Request failed with status code 400"}
{"level":"error","message":"Tue May 26 2020 17:05:13 GMT+0200 (GMT+02:00) - Error while getting data: Request failed with status code 400"}
{"level":"error","message":"Tue May 26 2020 17:06:26 GMT+0200 (GMT+02:00) - Error while getting data: Request failed with status code 400"}
{"level":"error","message":"Tue May 26 2020 17:07:16 GMT+0200 (GMT+02:00) - Error while getting data: Request failed with status code 400"}
{"level":"error","message":"Tue May 26 2020 17:23:23 GMT+0200 (GMT+02:00) - Error while deleting data: Request failed with status code 400"}
{"level":"error","message":"Tue May 26 2020 18:53:24 GMT+0200 (GMT+02:00) - Error while getting data: response is not a function"}
{"level":"error","message":"Tue Jun 02 2020 20:44:41 GMT+0200 (GMT+02:00) - Error while deleting data: Request failed with status code 400"}
{"level":"error","message":"Tue Jun 02 2020 20:48:07 GMT+0200 (GMT+02:00) - Error while deleting data: Request failed with status code 404"}
{"level":"error","message":"Tue Jun 02 2020 20:54:01 GMT+0200 (GMT+02:00) - Error while deleting data: Request failed with status code 404"}
{"level":"error","message":"Tue Jun 02 2020 20:55:21 GMT+0200 (GMT+02:00) - Error while deleting data: Request failed with status code 404 from IP adress::1"}
{"level":"error","message":"@::1Tue Jun 02 2020 20:56:27 GMT+0200 (GMT+02:00) - Error while deleting data: Request failed with status code 404"}
{"level":"error","message":["@","::ffff:127.0.0.1",": ","2020-06-02T19:02:20.313Z"," - Error while deleting data: ","The \"url\" argument must be of type string. Received type object"]}
{"level":"error","message":"Tue Jun 02 2020 21:07:18 GMT+0200 (GMT+02:00) - Error while posting data: Request failed with status code 405"}
{"level":"error","message":"Tue Jun 02 2020 21:09:38 GMT+0200 (GMT+02:00) - Error while posting data: Request failed with status code 405"}
{"level":"error","message":"Tue Jun 02 2020 21:11:02 GMT+0200 (GMT+02:00) - Error while posting data: Request failed with status code 405"}
{"level":"error","message":"Tue Jun 02 2020 21:11:14 GMT+0200 (GMT+02:00) - Error while posting data: Request failed with status code 405"}
{"level":"error","message":"Tue Jun 02 2020 21:19:53 GMT+0200 (GMT+02:00) - Error while posting data: Request failed with status code 405"}
{"level":"error","message":"Tue Jun 02 2020 21:24:33 GMT+0200 (GMT+02:00) - Error while posting data: Request failed with status code 405"}
{"level":"error","message":"Tue Jun 02 2020 21:27:54 GMT+0200 (GMT+02:00) - Error while posting data: undefined"}
{"level":"error","message":"Tue Jun 02 2020 21:28:58 GMT+0200 (GMT+02:00) - Error while posting data: Request failed with status code 405"}
{"level":"error","message":"Tue Jun 02 2020 21:32:28 GMT+0200 (GMT+02:00) - Error while posting data: Request failed with status code 405"}
{"level":"error","message":"Tue Jun 02 2020 21:34:25 GMT+0200 (GMT+02:00) - Error while posting data: Request failed with status code 405"}
{"level":"error","message":"Tue Jun 02 2020 21:36:41 GMT+0200 (GMT+02:00) - Error while posting data: Request failed with status code 405"}
{"level":"error","message":"Tue Jun 02 2020 21:38:17 GMT+0200 (GMT+02:00) - Error while posting data: Request failed with status code 405"}
{"level":"error","message":"Tue Jun 02 2020 21:38:51 GMT+0200 (GMT+02:00) - Error while posting data: Request failed with status code 405"}
{"level":"error","message":"Tue Jun 02 2020 21:40:19 GMT+0200 (GMT+02:00) - Error while posting data: Request failed with status code 405"}
{"level":"error","message":"Tue Jun 02 2020 21:40:55 GMT+0200 (GMT+02:00) - Error while posting data: Request failed with status code 405"}
{"level":"error","message":"Tue Jun 02 2020 21:48:50 GMT+0200 (GMT+02:00) - Error while posting data: Request failed with status code 405"}
{"level":"error","message":"Tue Jun 02 2020 21:49:06 GMT+0200 (GMT+02:00) - Error while posting data: Request failed with status code 415"}
